<?xml version="1.0" encoding="UTF-8"?>
<!-- Generated by org.testng.reporters.JUnitReportReporter -->
<testsuite hostname="LAPTOP-69EOE1K4" failures="0" tests="1" name="tests.JSONSchemaValidator" time="3.206" errors="0" timestamp="2024-05-05T23:05:22 EDT" skipped="0">
  <testcase classname="tests.JSONSchemaValidator" name="getRequest" time="3.206"/>
</testsuite> <!-- tests.JSONSchemaValidator -->
