<?xml version="1.0" encoding="UTF-8"?>
<!-- Generated by org.testng.reporters.JUnitReportReporter -->
<testsuite hostname="LAPTOP-69EOE1K4" failures="0" tests="3" name="tests.PutPatchAndDelete" time="3.241" errors="0" timestamp="2024-05-04T01:51:33 EDT" skipped="0">
  <testcase classname="tests.PutPatchAndDelete" name="putRequest" time="2.689"/>
  <testcase classname="tests.PutPatchAndDelete" name="patchRequest" time="0.292"/>
  <testcase classname="tests.PutPatchAndDelete" name="deleteRequest" time="0.260"/>
</testsuite> <!-- tests.PutPatchAndDelete -->
