<?xml version="1.0" encoding="UTF-8"?>
<!-- Generated by org.testng.reporters.JUnitReportReporter -->
<testsuite hostname="LAPTOP-69EOE1K4" failures="0" tests="1" name="tests.TestExamples" time="7.429" errors="0" timestamp="2024-05-04T00:56:37 EDT" skipped="0">
  <testcase classname="tests.TestExamples" name="test_2" time="7.429"/>
</testsuite> <!-- tests.TestExamples -->
