<?xml version="1.0" encoding="UTF-8"?>
<!-- Generated by org.testng.reporters.JUnitReportReporter -->
<testsuite hostname="LAPTOP-69EOE1K4" failures="0" tests="2" name="tests.GetAndPostExamples" time="3.900" errors="0" timestamp="2024-05-04T01:34:49 EDT" skipped="0">
  <testcase classname="tests.GetAndPostExamples" name="getRequest" time="3.510"/>
  <testcase classname="tests.GetAndPostExamples" name="PostRequest" time="0.390"/>
</testsuite> <!-- tests.GetAndPostExamples -->
