<?xml version="1.0" encoding="UTF-8"?>
<!-- Generated by org.testng.reporters.JUnitReportReporter -->
<testsuite hostname="LAPTOP-69EOE1K4" failures="0" tests="1" name="tests.XMLSchemaValidation" time="6.350" errors="0" timestamp="2024-05-06T19:50:59 EDT" skipped="0">
  <testcase classname="tests.XMLSchemaValidation" name="schemaValidation" time="6.350"/>
</testsuite> <!-- tests.XMLSchemaValidation -->
