<?xml version="1.0" encoding="UTF-8"?>
<!-- Generated by org.testng.reporters.JUnitReportReporter -->
<testsuite hostname="LAPTOP-69EOE1K4" failures="0" tests="1" name="tests.SOAPXMLRequset" time="2.422" errors="0" timestamp="2024-05-05T22:50:59 EDT" skipped="0">
  <testcase classname="tests.SOAPXMLRequset" name="validateSOAPXML" time="2.422"/>
</testsuite> <!-- tests.SOAPXMLRequset -->
