<?xml version="1.0" encoding="UTF-8"?>
<!-- Generated by org.testng.reporters.JUnitReportReporter -->
<testsuite hostname="LAPTOP-69EOE1K4" failures="0" tests="1" name="tests.SOAPXMLRequest" time="2.579" errors="0" timestamp="2024-05-05T23:16:33 EDT" skipped="0">
  <testcase classname="tests.SOAPXMLRequest" name="validateSOAPXML" time="2.579"/>
</testsuite> <!-- tests.SOAPXMLRequest -->
