<?xml version="1.0" encoding="UTF-8"?>
<!-- Generated by org.testng.reporters.JUnitReportReporter -->
<testsuite hostname="LAPTOP-69EOE1K4" failures="0" tests="1" name="tests.TestOnAPI" time="2.314" errors="0" timestamp="2024-05-04T12:56:23 EDT" skipped="0">
  <testcase classname="tests.TestOnAPI" name="patch" time="2.314"/>
</testsuite> <!-- tests.TestOnAPI -->
